Using pre-set license
Built from '2020.3/staging' branch; Version is '2020.3.0f1 (c7b5465681fb) revision 13088070'; Using compiler version '192528614'; Build Type 'Release'
OS: 'Windows 10 Pro; OS build 19041.867; Version 2004; 64bit' Language: 'en' Physical Memory: 8108 MB
BatchMode: 1, IsHumanControllingUs: 0, StartBugReporterOnCrash: 0, Is64bit: 1, IsPro: 0

 COMMAND LINE ARGUMENTS:
C:\Program Files\Unity\Hub\Editor\2020.3.0f1\Editor\Unity.exe
-adb2
-batchMode
-noUpm
-name
AssetImportWorker0
-projectPath
C:/Users/Surface user/Documents/GitHub/3rd-person-camera-controller-v1
-logFile
Logs/AssetImportWorker0.log
-srvPort
63714
Successfully changed project path to: C:/Users/Surface user/Documents/GitHub/3rd-person-camera-controller-v1
C:/Users/Surface user/Documents/GitHub/3rd-person-camera-controller-v1
Using Asset Import Pipeline V2.
Refreshing native plugins compatible for Editor in 48.79 ms, found 0 plugins.
Preloading 0 native plugins for Editor in 0.00 ms.
Initialize engine version: 2020.3.0f1 (c7b5465681fb)
[Subsystems] Discovering subsystems at path C:/Program Files/Unity/Hub/Editor/2020.3.0f1/Editor/Data/Resources/UnitySubsystems
[Subsystems] Discovering subsystems at path C:/Users/Surface user/Documents/GitHub/3rd-person-camera-controller-v1/Assets
GfxDevice: creating device client; threaded=0
Direct3D:
    Version:  Direct3D 11.0 [level 11.1]
    Renderer: Intel(R) UHD Graphics 620 (ID=0x5917)
    Vendor:   
    VRAM:     4054 MB
    Driver:   26.20.100.7637
Initialize mono
Mono path[0] = 'C:/Program Files/Unity/Hub/Editor/2020.3.0f1/Editor/Data/Managed'
Mono path[1] = 'C:/Program Files/Unity/Hub/Editor/2020.3.0f1/Editor/Data/MonoBleedingEdge/lib/mono/unityjit'
Mono config path = 'C:/Program Files/Unity/Hub/Editor/2020.3.0f1/Editor/Data/MonoBleedingEdge/etc'
Using monoOptions --debugger-agent=transport=dt_socket,embedding=1,server=y,suspend=n,address=127.0.0.1:56956
Begin MonoManager ReloadAssembly
Registering precompiled unity dll's ...
Register platform support module: C:/Program Files/Unity/Hub/Editor/2020.3.0f1/Editor/Data/PlaybackEngines/WindowsStandaloneSupport/UnityEditor.WindowsStandalone.Extensions.dll
Registered in 0.002420 seconds.
Native extension for WindowsStandalone target not found
Refreshing native plugins compatible for Editor in 43.37 ms, found 0 plugins.
Preloading 0 native plugins for Editor in 0.00 ms.
Invoked RoslynAnalysisRunner static constructor.
RoslynAnalysisRunner will not be running.
RoslynAnalysisRunner has terminated.
Mono: successfully reloaded assembly
- Completed reload, in  1.535 seconds
Platform modules already initialized, skipping
Registering precompiled user dll's ...
Registered in 0.001055 seconds.
Begin MonoManager ReloadAssembly
Native extension for WindowsStandalone target not found
Refreshing native plugins compatible for Editor in 42.10 ms, found 0 plugins.
Preloading 0 native plugins for Editor in 0.00 ms.
Invoked RoslynAnalysisRunner static constructor.
RoslynAnalysisRunner will not be running.
RoslynAnalysisRunner has terminated.
Mono: successfully reloaded assembly
- Completed reload, in  1.137 seconds
Platform modules already initialized, skipping
========================================================================
Worker process is ready to serve import requests
Launched and connected shader compiler UnityShaderCompiler.exe after 0.07 seconds
Refreshing native plugins compatible for Editor in 0.49 ms, found 0 plugins.
Preloading 0 native plugins for Editor in 0.00 ms.
Unloading 1419 Unused Serialized files (Serialized files now loaded: 0)
System memory in use before: 70.8 MB.
System memory in use after: 70.9 MB.

Unloading 11 unused Assets to reduce memory usage. Loaded Objects now: 1865.
Total: 7.431100 ms (FindLiveObjects: 0.389500 ms CreateObjectMapping: 0.094400 ms MarkObjects: 6.782200 ms  DeleteObjects: 0.163000 ms)

========================================================================
Received Import Request.
  path: Assets/PlayerControls.inputactions
  artifactKey: Guid(9b174302930790547835a2d71266caa5) Importer(815301076,1909f56bfc062723c751e8b465ee728b)
Start importing Assets/PlayerControls.inputactions using Guid(9b174302930790547835a2d71266caa5) Importer(815301076,1909f56bfc062723c751e8b465ee728b)  -> (artifact id: '23ec44000e6450db501788cbc76e89d2') in 0.050821 seconds
  Import took 0.054066 seconds .

========================================================================
Received Import Request.
  Time since last request: 12.252274 seconds.
  path: Assets/Scripts
  artifactKey: Guid(dab7df6ad204bfc4091c63b492cdf37f) Importer(815301076,1909f56bfc062723c751e8b465ee728b)
Start importing Assets/Scripts using Guid(dab7df6ad204bfc4091c63b492cdf37f) Importer(815301076,1909f56bfc062723c751e8b465ee728b)  -> (artifact id: 'da5e9fa8a17ad7fa27834d0366a46895') in 0.008203 seconds
  Import took 0.011239 seconds .

========================================================================
Received Import Request.
  Time since last request: 0.010711 seconds.
  path: Assets/Scripts
  artifactKey: Guid(dab7df6ad204bfc4091c63b492cdf37f) Importer(815301076,1909f56bfc062723c751e8b465ee728b)
Start importing Assets/Scripts using Guid(dab7df6ad204bfc4091c63b492cdf37f) Importer(815301076,1909f56bfc062723c751e8b465ee728b)  -> (artifact id: 'da5e9fa8a17ad7fa27834d0366a46895') in 0.003626 seconds
  Import took 0.007438 seconds .

========================================================================
Received Import Request.
  Time since last request: 21.789903 seconds.
  path: Assets/Art
  artifactKey: Guid(103d6eaf19e80114db71ea90e014999f) Importer(815301076,1909f56bfc062723c751e8b465ee728b)
Start importing Assets/Art using Guid(103d6eaf19e80114db71ea90e014999f) Importer(815301076,1909f56bfc062723c751e8b465ee728b)  -> (artifact id: 'ec8149ff0098c3f7391afaab7bbde24e') in 0.017986 seconds
  Import took 0.024164 seconds .

========================================================================
Received Import Request.
  Time since last request: 0.001246 seconds.
  path: Assets/Art
  artifactKey: Guid(103d6eaf19e80114db71ea90e014999f) Importer(815301076,1909f56bfc062723c751e8b465ee728b)
Start importing Assets/Art using Guid(103d6eaf19e80114db71ea90e014999f) Importer(815301076,1909f56bfc062723c751e8b465ee728b)  -> (artifact id: 'ec8149ff0098c3f7391afaab7bbde24e') in 0.004821 seconds
  Import took 0.008497 seconds .

========================================================================
Received Import Request.
  Time since last request: 1.340254 seconds.
  path: Assets/Art/Animations/Mixamo_POLYGON_Guy_Naked@Breathing Idle.fbx
  artifactKey: Guid(1fafe2961d41fdd4eab5e5dd1bfbba58) Importer(815301076,1909f56bfc062723c751e8b465ee728b)
Start importing Assets/Art/Animations/Mixamo_POLYGON_Guy_Naked@Breathing Idle.fbx using Guid(1fafe2961d41fdd4eab5e5dd1bfbba58) Importer(815301076,1909f56bfc062723c751e8b465ee728b)  -> (artifact id: 'fc98a073ddea2a4cb48c43867199ddcb') in 0.595177 seconds
  Import took 0.599592 seconds .

========================================================================
Received Import Request.
  Time since last request: 0.000407 seconds.
  path: Assets/Art/Animations
  artifactKey: Guid(e009ba744e0351640a092d40b1fa753b) Importer(815301076,1909f56bfc062723c751e8b465ee728b)
Start importing Assets/Art/Animations using Guid(e009ba744e0351640a092d40b1fa753b) Importer(815301076,1909f56bfc062723c751e8b465ee728b)  -> (artifact id: 'c10ecc9f53753d34198d655854c27b9e') in 0.009107 seconds
  Import took 0.012859 seconds .

========================================================================
Received Import Request.
  Time since last request: 0.000691 seconds.
  path: Assets/Art/Animations/Mixamo_POLYGON_Guy_Naked@Runnning.fbx
  artifactKey: Guid(e8937fdda5186ae4c8291297f456b346) Importer(815301076,1909f56bfc062723c751e8b465ee728b)
Start importing Assets/Art/Animations/Mixamo_POLYGON_Guy_Naked@Runnning.fbx using Guid(e8937fdda5186ae4c8291297f456b346) Importer(815301076,1909f56bfc062723c751e8b465ee728b)  -> (artifact id: '016129dfcff2267166459b11855ea9d4') in 0.075069 seconds
  Import took 0.081557 seconds .

========================================================================
Received Import Request.
  Time since last request: 0.000369 seconds.
  path: Assets/Art/Animations/Mixamo_POLYGON_Guy_Naked@Walking.fbx
  artifactKey: Guid(39148f14aea167c44bae6a4c50dd1d93) Importer(815301076,1909f56bfc062723c751e8b465ee728b)
Start importing Assets/Art/Animations/Mixamo_POLYGON_Guy_Naked@Walking.fbx using Guid(39148f14aea167c44bae6a4c50dd1d93) Importer(815301076,1909f56bfc062723c751e8b465ee728b)  -> (artifact id: '02fc4ee8ce23753868ed4178a22cf7b6') in 0.061760 seconds
  Import took 0.064886 seconds .

========================================================================
Received Import Request.
  Time since last request: 48.421438 seconds.
  path: Assets/Scenes
  artifactKey: Guid(9808fbb25c2f7394ea113b39ad5be11a) Importer(815301076,1909f56bfc062723c751e8b465ee728b)
Start importing Assets/Scenes using Guid(9808fbb25c2f7394ea113b39ad5be11a) Importer(815301076,1909f56bfc062723c751e8b465ee728b)  -> (artifact id: 'a08fe96c2059aaf428a622804f9f1c8b') in 0.013834 seconds
  Import took 0.018422 seconds .

========================================================================
Received Import Request.
  Time since last request: 0.009054 seconds.
  path: Assets/Scenes
  artifactKey: Guid(9808fbb25c2f7394ea113b39ad5be11a) Importer(815301076,1909f56bfc062723c751e8b465ee728b)
Start importing Assets/Scenes using Guid(9808fbb25c2f7394ea113b39ad5be11a) Importer(815301076,1909f56bfc062723c751e8b465ee728b)  -> (artifact id: 'a08fe96c2059aaf428a622804f9f1c8b') in 0.005690 seconds
  Import took 0.010415 seconds .

========================================================================
Received Import Request.
  Time since last request: 1.577750 seconds.
  path: Assets/PolygonStarter
  artifactKey: Guid(782ee6acaeea1494aa22f147cfada86d) Importer(815301076,1909f56bfc062723c751e8b465ee728b)
Start importing Assets/PolygonStarter using Guid(782ee6acaeea1494aa22f147cfada86d) Importer(815301076,1909f56bfc062723c751e8b465ee728b)  -> (artifact id: 'e9823d3370999c3550191f59aa667dfa') in 0.016104 seconds
  Import took 0.021498 seconds .

========================================================================
Received Import Request.
  Time since last request: 0.949366 seconds.
  path: Assets/PolygonPrototype
  artifactKey: Guid(26c8cef2c8b50a64f9a0b5fc75bf1ee5) Importer(815301076,1909f56bfc062723c751e8b465ee728b)
Start importing Assets/PolygonPrototype using Guid(26c8cef2c8b50a64f9a0b5fc75bf1ee5) Importer(815301076,1909f56bfc062723c751e8b465ee728b)  -> (artifact id: '8a761a0ef937d86b781882f8aacdbd64') in 0.012569 seconds
  Import took 0.016405 seconds .

========================================================================
Received Import Request.
  Time since last request: 131.475701 seconds.
  path: Assets/3rd person camera controller v1.unity
  artifactKey: Guid(c6b6f3adb721d6b4f9004c14bf5dbc78) Importer(815301076,1909f56bfc062723c751e8b465ee728b)
Start importing Assets/3rd person camera controller v1.unity using Guid(c6b6f3adb721d6b4f9004c14bf5dbc78) Importer(815301076,1909f56bfc062723c751e8b465ee728b)  -> (artifact id: '47274d5e724faae555d14d70296a14e0') in 0.014732 seconds
  Import took 0.019236 seconds .

========================================================================
Received Prepare
Registering precompiled user dll's ...
Registered in 0.001046 seconds.
Begin MonoManager ReloadAssembly
Native extension for WindowsStandalone target not found
Refreshing native plugins compatible for Editor in 0.69 ms, found 0 plugins.
Preloading 0 native plugins for Editor in 0.00 ms.
Invoked RoslynAnalysisRunner static constructor.
RoslynAnalysisRunner will not be running.
RoslynAnalysisRunner has terminated.
Mono: successfully reloaded assembly
- Completed reload, in  1.083 seconds
Platform modules already initialized, skipping
Refreshing native plugins compatible for Editor in 0.38 ms, found 0 plugins.
Preloading 0 native plugins for Editor in 0.00 ms.
Unloading 1409 Unused Serialized files (Serialized files now loaded: 0)
System memory in use before: 88.1 MB.
System memory in use after: 88.2 MB.

Unloading 4 unused Assets to reduce memory usage. Loaded Objects now: 1912.
Total: 2.983000 ms (FindLiveObjects: 0.248900 ms CreateObjectMapping: 0.048600 ms MarkObjects: 2.659300 ms  DeleteObjects: 0.024800 ms)

AssetImportWorkerClient::OnTransportError - code=2 error=End of file
