Using pre-set license
Built from '2020.3/staging' branch; Version is '2020.3.0f1 (c7b5465681fb) revision 13088070'; Using compiler version '192528614'; Build Type 'Release'
OS: 'Windows 10 Pro; OS build 19041.867; Version 2004; 64bit' Language: 'en' Physical Memory: 8108 MB
BatchMode: 1, IsHumanControllingUs: 0, StartBugReporterOnCrash: 0, Is64bit: 1, IsPro: 0

 COMMAND LINE ARGUMENTS:
C:\Program Files\Unity\Hub\Editor\2020.3.0f1\Editor\Unity.exe
-adb2
-batchMode
-noUpm
-name
AssetImportWorker0
-projectPath
C:/Users/Surface user/Documents/GitHub/3rd-person-camera-controller-v1
-logFile
Logs/AssetImportWorker0.log
-srvPort
50164
Successfully changed project path to: C:/Users/Surface user/Documents/GitHub/3rd-person-camera-controller-v1
C:/Users/Surface user/Documents/GitHub/3rd-person-camera-controller-v1
Using Asset Import Pipeline V2.
Refreshing native plugins compatible for Editor in 38.92 ms, found 0 plugins.
Preloading 0 native plugins for Editor in 0.00 ms.
Initialize engine version: 2020.3.0f1 (c7b5465681fb)
[Subsystems] Discovering subsystems at path C:/Program Files/Unity/Hub/Editor/2020.3.0f1/Editor/Data/Resources/UnitySubsystems
[Subsystems] Discovering subsystems at path C:/Users/Surface user/Documents/GitHub/3rd-person-camera-controller-v1/Assets
GfxDevice: creating device client; threaded=0
Direct3D:
    Version:  Direct3D 11.0 [level 11.1]
    Renderer: Intel(R) UHD Graphics 620 (ID=0x5917)
    Vendor:   
    VRAM:     4054 MB
    Driver:   26.20.100.7637
Initialize mono
Mono path[0] = 'C:/Program Files/Unity/Hub/Editor/2020.3.0f1/Editor/Data/Managed'
Mono path[1] = 'C:/Program Files/Unity/Hub/Editor/2020.3.0f1/Editor/Data/MonoBleedingEdge/lib/mono/unityjit'
Mono config path = 'C:/Program Files/Unity/Hub/Editor/2020.3.0f1/Editor/Data/MonoBleedingEdge/etc'
Using monoOptions --debugger-agent=transport=dt_socket,embedding=1,server=y,suspend=n,address=127.0.0.1:56048
Begin MonoManager ReloadAssembly
Registering precompiled unity dll's ...
Register platform support module: C:/Program Files/Unity/Hub/Editor/2020.3.0f1/Editor/Data/PlaybackEngines/WindowsStandaloneSupport/UnityEditor.WindowsStandalone.Extensions.dll
Registered in 0.002702 seconds.
Native extension for WindowsStandalone target not found
Refreshing native plugins compatible for Editor in 42.25 ms, found 0 plugins.
Preloading 0 native plugins for Editor in 0.00 ms.
Invoked RoslynAnalysisRunner static constructor.
RoslynAnalysisRunner will not be running.
RoslynAnalysisRunner has terminated.
Mono: successfully reloaded assembly
- Completed reload, in  1.209 seconds
Platform modules already initialized, skipping
Registering precompiled user dll's ...
Registered in 0.000872 seconds.
Begin MonoManager ReloadAssembly
Native extension for WindowsStandalone target not found
Refreshing native plugins compatible for Editor in 39.55 ms, found 0 plugins.
Preloading 0 native plugins for Editor in 0.00 ms.
Invoked RoslynAnalysisRunner static constructor.
RoslynAnalysisRunner will not be running.
RoslynAnalysisRunner has terminated.
Mono: successfully reloaded assembly
- Completed reload, in  1.082 seconds
Platform modules already initialized, skipping
========================================================================
Worker process is ready to serve import requests
Launched and connected shader compiler UnityShaderCompiler.exe after 0.06 seconds
Refreshing native plugins compatible for Editor in 0.46 ms, found 0 plugins.
Preloading 0 native plugins for Editor in 0.00 ms.
Unloading 1420 Unused Serialized files (Serialized files now loaded: 0)
System memory in use before: 71.1 MB.
System memory in use after: 71.1 MB.

Unloading 11 unused Assets to reduce memory usage. Loaded Objects now: 1866.
Total: 2.677300 ms (FindLiveObjects: 0.241300 ms CreateObjectMapping: 0.082900 ms MarkObjects: 2.218000 ms  DeleteObjects: 0.133500 ms)

========================================================================
Received Import Request.
  path: Assets/Art/Animations/landing.fbx
  artifactKey: Guid(604e6995067175c458294f50cae9dad3) Importer(815301076,1909f56bfc062723c751e8b465ee728b)
Start importing Assets/Art/Animations/landing.fbx using Guid(604e6995067175c458294f50cae9dad3) Importer(815301076,1909f56bfc062723c751e8b465ee728b)  -> (artifact id: '48e592a9db4913ce380dda9eca900a5e') in 0.253577 seconds
  Import took 0.257594 seconds .

========================================================================
Received Import Request.
  Time since last request: 4.271162 seconds.
  path: Assets/Art/Animations/landing.fbx
  artifactKey: Guid(604e6995067175c458294f50cae9dad3) Importer(815301076,1909f56bfc062723c751e8b465ee728b)
Start importing Assets/Art/Animations/landing.fbx using Guid(604e6995067175c458294f50cae9dad3) Importer(815301076,1909f56bfc062723c751e8b465ee728b)  -> (artifact id: '1aa873438e342d5b93f62cb3657df47e') in 0.053795 seconds
  Import took 0.059316 seconds .

========================================================================
Received Import Request.
  Time since last request: 80.360839 seconds.
  path: Assets/Art/Animations/landing.fbx
  artifactKey: Guid(604e6995067175c458294f50cae9dad3) Importer(815301076,1909f56bfc062723c751e8b465ee728b)
Start importing Assets/Art/Animations/landing.fbx using Guid(604e6995067175c458294f50cae9dad3) Importer(815301076,1909f56bfc062723c751e8b465ee728b)  -> (artifact id: 'af376e33c375bd352bc3f0ef13d4bec4') in 0.059964 seconds
  Import took 0.076913 seconds .

========================================================================
Received Import Request.
  Time since last request: 51.438529 seconds.
  path: Assets/Art/Animations/landing.fbx
  artifactKey: Guid(604e6995067175c458294f50cae9dad3) Importer(815301076,1909f56bfc062723c751e8b465ee728b)
Start importing Assets/Art/Animations/landing.fbx using Guid(604e6995067175c458294f50cae9dad3) Importer(815301076,1909f56bfc062723c751e8b465ee728b)  -> (artifact id: '03331086824f2f84ad0f49ea8c8469f2') in 0.072863 seconds
  Import took 0.089097 seconds .

========================================================================
Received Import Request.
  Time since last request: 16.756293 seconds.
  path: Assets/Art/Animations/falling.fbx
  artifactKey: Guid(a3f10a186f0ebe942b51a77e833b5990) Importer(815301076,1909f56bfc062723c751e8b465ee728b)
Start importing Assets/Art/Animations/falling.fbx using Guid(a3f10a186f0ebe942b51a77e833b5990) Importer(815301076,1909f56bfc062723c751e8b465ee728b)  -> (artifact id: '54016ae8e1571ab6e18c62d289d4d8be') in 0.074150 seconds
  Import took 0.079020 seconds .

========================================================================
Received Import Request.
  Time since last request: 11.367887 seconds.
  path: Assets/Art/Animations/falling.fbx
  artifactKey: Guid(a3f10a186f0ebe942b51a77e833b5990) Importer(815301076,1909f56bfc062723c751e8b465ee728b)
Start importing Assets/Art/Animations/falling.fbx using Guid(a3f10a186f0ebe942b51a77e833b5990) Importer(815301076,1909f56bfc062723c751e8b465ee728b)  -> (artifact id: '31ff31c299cdb27b24e598ebfd4aaa81') in 0.058567 seconds
  Import took 0.063943 seconds .

========================================================================
Received Import Request.
  Time since last request: 61.753538 seconds.
  path: Assets/Art/Animations/falling.fbx
  artifactKey: Guid(a3f10a186f0ebe942b51a77e833b5990) Importer(815301076,1909f56bfc062723c751e8b465ee728b)
Start importing Assets/Art/Animations/falling.fbx using Guid(a3f10a186f0ebe942b51a77e833b5990) Importer(815301076,1909f56bfc062723c751e8b465ee728b)  -> (artifact id: '23ebbfb30f8c250c4bd0828d26218b3e') in 0.057429 seconds
  Import took 0.077929 seconds .

========================================================================
Received Import Request.
  Time since last request: 26.501951 seconds.
  path: Assets/Art/Animations/falling.fbx
  artifactKey: Guid(a3f10a186f0ebe942b51a77e833b5990) Importer(815301076,1909f56bfc062723c751e8b465ee728b)
Start importing Assets/Art/Animations/falling.fbx using Guid(a3f10a186f0ebe942b51a77e833b5990) Importer(815301076,1909f56bfc062723c751e8b465ee728b)  -> (artifact id: '37915a26bb858d4b3e6d5415f63714c1') in 0.068394 seconds
  Import took 0.074275 seconds .

========================================================================
Received Import Request.
  Time since last request: 38.531119 seconds.
  path: Assets/Art/Animations/Humanoid.controller
  artifactKey: Guid(0bd75fe3d3ae33648aadd56ea40c3d3c) Importer(815301076,1909f56bfc062723c751e8b465ee728b)
Start importing Assets/Art/Animations/Humanoid.controller using Guid(0bd75fe3d3ae33648aadd56ea40c3d3c) Importer(815301076,1909f56bfc062723c751e8b465ee728b)  -> (artifact id: '3e1e41e97da592b93b78da9fdde7fdf5') in 0.024255 seconds
  Import took 0.027495 seconds .

========================================================================
Received Import Request.
  Time since last request: 233.705277 seconds.
  path: Assets/Scripts/AnimatorManager.cs
  artifactKey: Guid(8d4d5a6bfcde11f4fa3f8deea5504793) Importer(815301076,1909f56bfc062723c751e8b465ee728b)
Start importing Assets/Scripts/AnimatorManager.cs using Guid(8d4d5a6bfcde11f4fa3f8deea5504793) Importer(815301076,1909f56bfc062723c751e8b465ee728b)  -> (artifact id: '62572449deb16b5dd44dbfcbc4beaac0') in 0.029076 seconds
  Import took 0.033126 seconds .

========================================================================
Received Import Request.
  Time since last request: 255.744965 seconds.
  path: Assets/Scripts/AnimatorManager.cs
  artifactKey: Guid(8d4d5a6bfcde11f4fa3f8deea5504793) Importer(815301076,1909f56bfc062723c751e8b465ee728b)
Start importing Assets/Scripts/AnimatorManager.cs using Guid(8d4d5a6bfcde11f4fa3f8deea5504793) Importer(815301076,1909f56bfc062723c751e8b465ee728b)  -> (artifact id: '45ad0340c824f5a84552ae0cc8cf7ee7') in 0.012653 seconds
  Import took 0.019843 seconds .

========================================================================
Received Import Request.
  Time since last request: 208.637295 seconds.
  path: Assets/Scripts/PlayerManager.cs
  artifactKey: Guid(09fe578c925d72a4385aeb87e7dc6ac2) Importer(815301076,1909f56bfc062723c751e8b465ee728b)
Start importing Assets/Scripts/PlayerManager.cs using Guid(09fe578c925d72a4385aeb87e7dc6ac2) Importer(815301076,1909f56bfc062723c751e8b465ee728b)  -> (artifact id: 'c4ccd87b7ca69f2ba570f3a2f94dfb56') in 0.019031 seconds
  Import took 0.024627 seconds .

AssetImportWorkerClient::OnTransportError - code=2 error=End of file
